This file contains any messages produced by compilers while
running configure, to aid debugging if configure makes a mistake.

It was created by daq configure 0.5, which was
generated by GNU Autoconf 2.63.  Invocation command line was

  $ ./configure 

## --------- ##
## Platform. ##
## --------- ##

hostname = ses-endace
uname -m = x86_64
uname -r = 2.6.18-194.8.1.el5
uname -s = Linux
uname -v = #1 SMP Thu Jul 1 19:04:48 EDT 2010

/usr/bin/uname -p = unknown
/bin/uname -X     = unknown

/bin/arch              = x86_64
/usr/bin/arch -k       = unknown
/usr/convex/getsysinfo = unknown
/usr/bin/hostinfo      = unknown
/bin/machine           = unknown
/usr/bin/oslevel       = unknown
/bin/universe          = unknown

PATH: /usr/sbin
PATH: /sbin
PATH: /usr/kerberos/bin
PATH: /usr/local/bin
PATH: /bin
PATH: /usr/bin
PATH: /home/jcmurphy/bin


## ----------- ##
## Core tests. ##
## ----------- ##

configure:2121: checking for a BSD-compatible install
configure:2189: result: /usr/bin/install -c
configure:2200: checking whether build environment is sane
configure:2260: result: yes
configure:2401: checking for a thread-safe mkdir -p
configure:2440: result: /bin/mkdir -p
configure:2453: checking for gawk
configure:2469: found /bin/gawk
configure:2480: result: gawk
configure:2491: checking whether make sets $(MAKE)
configure:2513: result: yes
configure:2649: checking for gcc
configure:2665: found /usr/bin/gcc
configure:2676: result: gcc
configure:2908: checking for C compiler version
configure:2916: gcc --version >&5
gcc (GCC) 4.1.2 20080704 (Red Hat 4.1.2-48)
Copyright (C) 2006 Free Software Foundation, Inc.
This is free software; see the source for copying conditions.  There is NO
warranty; not even for MERCHANTABILITY or FITNESS FOR A PARTICULAR PURPOSE.

configure:2920: $? = 0
configure:2927: gcc -v >&5
Using built-in specs.
Target: x86_64-redhat-linux
Configured with: ../configure --prefix=/usr --mandir=/usr/share/man --infodir=/usr/share/info --enable-shared --enable-threads=posix --enable-checking=release --with-system-zlib --enable-__cxa_atexit --disable-libunwind-exceptions --enable-libgcj-multifile --enable-languages=c,c++,objc,obj-c++,java,fortran,ada --enable-java-awt=gtk --disable-dssi --enable-plugin --with-java-home=/usr/lib/jvm/java-1.4.2-gcj-1.4.2.0/jre --with-cpu=generic --host=x86_64-redhat-linux
Thread model: posix
gcc version 4.1.2 20080704 (Red Hat 4.1.2-48)
configure:2931: $? = 0
configure:2938: gcc -V >&5
gcc: '-V' option must have argument
configure:2942: $? = 1
configure:2965: checking for C compiler default output file name
configure:2987: gcc    conftest.c  >&5
configure:2991: $? = 0
configure:3029: result: a.out
configure:3048: checking whether the C compiler works
configure:3058: ./a.out
configure:3062: $? = 0
configure:3081: result: yes
configure:3088: checking whether we are cross compiling
configure:3090: result: no
configure:3093: checking for suffix of executables
configure:3100: gcc -o conftest    conftest.c  >&5
configure:3104: $? = 0
configure:3130: result: 
configure:3136: checking for suffix of object files
configure:3162: gcc -c   conftest.c >&5
configure:3166: $? = 0
configure:3191: result: o
configure:3195: checking whether we are using the GNU C compiler
configure:3224: gcc -c   conftest.c >&5
configure:3231: $? = 0
configure:3248: result: yes
configure:3257: checking whether gcc accepts -g
configure:3287: gcc -c -g  conftest.c >&5
configure:3294: $? = 0
configure:3395: result: yes
configure:3412: checking for gcc option to accept ISO C89
configure:3486: gcc  -c -g -O2  conftest.c >&5
configure:3493: $? = 0
configure:3516: result: none needed
configure:3545: checking for style of include used by make
configure:3573: result: GNU
configure:3598: checking dependency style of gcc
configure:3708: result: gcc3
configure:3754: checking build system type
configure:3772: result: x86_64-unknown-linux-gnu
configure:3794: checking host system type
configure:3809: result: x86_64-unknown-linux-gnu
configure:3831: checking for a sed that does not truncate output
configure:3897: result: /bin/sed
configure:3915: checking for grep that handles long lines and -e
configure:3975: result: /bin/grep
configure:3980: checking for egrep
configure:4044: result: /bin/grep -E
configure:4049: checking for fgrep
configure:4113: result: /bin/grep -F
configure:4148: checking for ld used by gcc
configure:4215: result: /usr/bin/ld
configure:4224: checking if the linker (/usr/bin/ld) is GNU ld
configure:4239: result: yes
configure:4251: checking for BSD- or MS-compatible name lister (nm)
configure:4300: result: /usr/bin/nm -B
configure:4418: checking the name lister (/usr/bin/nm -B) interface
configure:4425: gcc -c -g -O2  conftest.c >&5
configure:4428: /usr/bin/nm -B "conftest.o"
configure:4431: output
0000000000000000 B some_variable
configure:4438: result: BSD nm
configure:4441: checking whether ln -s works
configure:4445: result: yes
configure:4453: checking the maximum length of command line arguments
configure:4573: result: 98304
configure:4590: checking whether the shell understands some XSI constructs
configure:4600: result: yes
configure:4604: checking whether the shell understands "+="
configure:4610: result: yes
configure:4645: checking for /usr/bin/ld option to reload object files
configure:4652: result: -r
configure:4721: checking for objdump
configure:4737: found /usr/bin/objdump
configure:4748: result: objdump
configure:4780: checking how to recognize dependent libraries
configure:4976: result: pass_all
configure:5036: checking for ar
configure:5052: found /usr/bin/ar
configure:5063: result: ar
configure:5141: checking for strip
configure:5157: found /usr/bin/strip
configure:5168: result: strip
configure:5240: checking for ranlib
configure:5256: found /usr/bin/ranlib
configure:5267: result: ranlib
configure:5357: checking command to parse /usr/bin/nm -B output from gcc object
configure:5475: gcc -c -g -O2  conftest.c >&5
configure:5478: $? = 0
configure:5482: /usr/bin/nm -B conftest.o \| sed -n -e 's/^.*[	 ]\([ABCDGIRSTW][ABCDGIRSTW]*\)[	 ][	 ]*\([_A-Za-z][_A-Za-z0-9]*\)$/\1 \2 \2/p' \> conftest.nm
configure:5485: $? = 0
configure:5539: gcc -o conftest -g -O2   conftest.c conftstm.o >&5
configure:5542: $? = 0
configure:5580: result: ok
configure:5676: gcc -c -g -O2  conftest.c >&5
configure:5679: $? = 0
configure:6447: checking how to run the C preprocessor
configure:6487: gcc -E  conftest.c
configure:6494: $? = 0
configure:6525: gcc -E  conftest.c
conftest.c:10:28: error: ac_nonexistent.h: No such file or directory
configure:6532: $? = 1
configure: failed program was:
| /* confdefs.h.  */
| #define PACKAGE_NAME "daq"
| #define PACKAGE_TARNAME "daq"
| #define PACKAGE_VERSION "0.5"
| #define PACKAGE_STRING "daq 0.5"
| #define PACKAGE_BUGREPORT "snort-team@sourcefire.com"
| #define PACKAGE "daq"
| #define VERSION "0.5"
| /* end confdefs.h.  */
| #include <ac_nonexistent.h>
configure:6565: result: gcc -E
configure:6594: gcc -E  conftest.c
configure:6601: $? = 0
configure:6632: gcc -E  conftest.c
conftest.c:10:28: error: ac_nonexistent.h: No such file or directory
configure:6639: $? = 1
configure: failed program was:
| /* confdefs.h.  */
| #define PACKAGE_NAME "daq"
| #define PACKAGE_TARNAME "daq"
| #define PACKAGE_VERSION "0.5"
| #define PACKAGE_STRING "daq 0.5"
| #define PACKAGE_BUGREPORT "snort-team@sourcefire.com"
| #define PACKAGE "daq"
| #define VERSION "0.5"
| /* end confdefs.h.  */
| #include <ac_nonexistent.h>
configure:6679: checking for ANSI C header files
configure:6709: gcc -c -g -O2  conftest.c >&5
configure:6716: $? = 0
configure:6815: gcc -o conftest -g -O2   conftest.c  >&5
configure:6819: $? = 0
configure:6825: ./conftest
configure:6829: $? = 0
configure:6847: result: yes
configure:6871: checking for sys/types.h
configure:6892: gcc -c -g -O2  conftest.c >&5
configure:6899: $? = 0
configure:6916: result: yes
configure:6871: checking for sys/stat.h
configure:6892: gcc -c -g -O2  conftest.c >&5
configure:6899: $? = 0
configure:6916: result: yes
configure:6871: checking for stdlib.h
configure:6892: gcc -c -g -O2  conftest.c >&5
configure:6899: $? = 0
configure:6916: result: yes
configure:6871: checking for string.h
configure:6892: gcc -c -g -O2  conftest.c >&5
configure:6899: $? = 0
configure:6916: result: yes
configure:6871: checking for memory.h
configure:6892: gcc -c -g -O2  conftest.c >&5
configure:6899: $? = 0
configure:6916: result: yes
configure:6871: checking for strings.h
configure:6892: gcc -c -g -O2  conftest.c >&5
configure:6899: $? = 0
configure:6916: result: yes
configure:6871: checking for inttypes.h
configure:6892: gcc -c -g -O2  conftest.c >&5
configure:6899: $? = 0
configure:6916: result: yes
configure:6871: checking for stdint.h
configure:6892: gcc -c -g -O2  conftest.c >&5
configure:6899: $? = 0
configure:6916: result: yes
configure:6871: checking for unistd.h
configure:6892: gcc -c -g -O2  conftest.c >&5
configure:6899: $? = 0
configure:6916: result: yes
configure:6934: checking for dlfcn.h
configure:6955: gcc -c -g -O2  conftest.c >&5
configure:6962: $? = 0
configure:6979: result: yes
configure:7165: checking for objdir
configure:7180: result: .libs
configure:7476: checking if gcc supports -fno-rtti -fno-exceptions
configure:7494: gcc -c -g -O2  -fno-rtti -fno-exceptions conftest.c >&5
cc1: warning: command line option "-fno-rtti" is valid for C++/ObjC++ but not for C
configure:7498: $? = 0
configure:7511: result: no
configure:7531: checking for gcc option to produce PIC
configure:7803: result: -fPIC -DPIC
configure:7815: checking if gcc PIC flag -fPIC -DPIC works
configure:7833: gcc -c -g -O2  -fPIC -DPIC -DPIC conftest.c >&5
configure:7837: $? = 0
configure:7850: result: yes
configure:7874: checking if gcc static flag -static works
configure:7902: result: yes
configure:7917: checking if gcc supports -c -o file.o
configure:7938: gcc -c -g -O2  -o out/conftest2.o conftest.c >&5
configure:7942: $? = 0
configure:7964: result: yes
configure:7972: checking if gcc supports -c -o file.o
configure:8019: result: yes
configure:8052: checking whether the gcc linker (/usr/bin/ld -m elf_x86_64) supports shared libraries
configure:9126: result: yes
configure:9163: checking whether -lc should be explicitly linked in
configure:9168: gcc -c -g -O2  conftest.c >&5
configure:9171: $? = 0
configure:9186: gcc -shared conftest.o  -v -Wl,-soname -Wl,conftest -o conftest 2\>\&1 \| /bin/grep  -lc  \>/dev/null 2\>\&1
configure:9189: $? = 0
configure:9201: result: no
configure:9365: checking dynamic linker characteristics
configure:9808: gcc -o conftest -g -O2   -Wl,-rpath -Wl,/foo conftest.c  >&5
configure:9815: $? = 0
configure:10051: result: GNU/Linux ld.so
configure:10153: checking how to hardcode library paths into programs
configure:10178: result: immediate
configure:11011: checking whether stripping libraries is possible
configure:11016: result: yes
configure:11051: checking if libtool supports shared libraries
configure:11053: result: yes
configure:11056: checking whether to build shared libraries
configure:11077: result: yes
configure:11080: checking whether to build static libraries
configure:11084: result: yes
configure:11123: checking for visibility support
configure:11158: gcc -c -g -O2 -Werror -fvisibility=hidden  conftest.c >&5
configure:11165: $? = 0
configure:11182: result: yes
configure:11215: checking CFLAGS for gcc -Wall
configure:11252: gcc -c -g -O2 -fvisibility=hidden -pedantic -Werror  -Wall  conftest.c >&5
configure:11259: $? = 0
configure:11283: result: -Wall
configure:11295: : CFLAGS="$CFLAGS $ax_cv_cflags_gcc_option__Wall"
configure:11298: $? = 0
configure:11305: checking CFLAGS for gcc -Wwrite-strings
configure:11342: gcc -c -g -O2 -fvisibility=hidden -Wall -pedantic -Werror  -Wwrite-strings  conftest.c >&5
configure:11349: $? = 0
configure:11373: result: -Wwrite-strings
configure:11385: : CFLAGS="$CFLAGS $ax_cv_cflags_gcc_option__Wwrite_strings"
configure:11388: $? = 0
configure:11395: checking CFLAGS for gcc -Wsign-compare
configure:11432: gcc -c -g -O2 -fvisibility=hidden -Wall -Wwrite-strings -pedantic -Werror  -Wsign-compare  conftest.c >&5
configure:11439: $? = 0
configure:11463: result: -Wsign-compare
configure:11475: : CFLAGS="$CFLAGS $ax_cv_cflags_gcc_option__Wsign_compare"
configure:11478: $? = 0
configure:11485: checking CFLAGS for gcc -Wcast-align
configure:11522: gcc -c -g -O2 -fvisibility=hidden -Wall -Wwrite-strings -Wsign-compare -pedantic -Werror  -Wcast-align  conftest.c >&5
configure:11529: $? = 0
configure:11553: result: -Wcast-align
configure:11565: : CFLAGS="$CFLAGS $ax_cv_cflags_gcc_option__Wcast_align"
configure:11568: $? = 0
configure:11575: checking CFLAGS for gcc -Wextra
configure:11612: gcc -c -g -O2 -fvisibility=hidden -Wall -Wwrite-strings -Wsign-compare -Wcast-align -pedantic -Werror  -Wextra  conftest.c >&5
configure:11619: $? = 0
configure:11643: result: -Wextra
configure:11655: : CFLAGS="$CFLAGS $ax_cv_cflags_gcc_option__Wextra"
configure:11658: $? = 0
configure:11665: checking CFLAGS for gcc -Wformat
configure:11702: gcc -c -g -O2 -fvisibility=hidden -Wall -Wwrite-strings -Wsign-compare -Wcast-align -Wextra -pedantic -Werror  -Wformat  conftest.c >&5
configure:11709: $? = 0
configure:11733: result: -Wformat
configure:11745: : CFLAGS="$CFLAGS $ax_cv_cflags_gcc_option__Wformat"
configure:11748: $? = 0
configure:11755: checking CFLAGS for gcc -Wformat-security
configure:11792: gcc -c -g -O2 -fvisibility=hidden -Wall -Wwrite-strings -Wsign-compare -Wcast-align -Wextra -Wformat -pedantic -Werror  -Wformat-security  conftest.c >&5
configure:11799: $? = 0
configure:11823: result: -Wformat-security
configure:11835: : CFLAGS="$CFLAGS $ax_cv_cflags_gcc_option__Wformat_security"
configure:11838: $? = 0
configure:11845: checking CFLAGS for gcc -Wno-unused-parameter
configure:11882: gcc -c -g -O2 -fvisibility=hidden -Wall -Wwrite-strings -Wsign-compare -Wcast-align -Wextra -Wformat -Wformat-security -pedantic -Werror  -Wno-unused-parameter  conftest.c >&5
configure:11889: $? = 0
configure:11913: result: -Wno-unused-parameter
configure:11925: : CFLAGS="$CFLAGS $ax_cv_cflags_gcc_option__Wno_unused_parameter"
configure:11928: $? = 0
configure:11935: checking CFLAGS for gcc -fno-strict-aliasing
configure:11972: gcc -c -g -O2 -fvisibility=hidden -Wall -Wwrite-strings -Wsign-compare -Wcast-align -Wextra -Wformat -Wformat-security -Wno-unused-parameter -pedantic -Werror  -fno-strict-aliasing  conftest.c >&5
configure:11979: $? = 0
configure:12003: result: -fno-strict-aliasing
configure:12015: : CFLAGS="$CFLAGS $ax_cv_cflags_gcc_option__fno_strict_aliasing"
configure:12018: $? = 0
configure:12025: checking CFLAGS for gcc -fdiagnostics-show-option
configure:12062: gcc -c -g -O2 -fvisibility=hidden -Wall -Wwrite-strings -Wsign-compare -Wcast-align -Wextra -Wformat -Wformat-security -Wno-unused-parameter -fno-strict-aliasing -pedantic -Werror  -fdiagnostics-show-option  conftest.c >&5
configure:12069: $? = 0
configure:12093: result: -fdiagnostics-show-option
configure:12105: : CFLAGS="$CFLAGS $ax_cv_cflags_gcc_option__fdiagnostics_show_option"
configure:12108: $? = 0
configure:12115: checking CFLAGS for gcc -pedantic -std=c99 -D_GNU_SOURCE
configure:12152: gcc -c -g -O2 -fvisibility=hidden -Wall -Wwrite-strings -Wsign-compare -Wcast-align -Wextra -Wformat -Wformat-security -Wno-unused-parameter -fno-strict-aliasing -fdiagnostics-show-option -pedantic -Werror  -pedantic -std=c99 -D_GNU_SOURCE  conftest.c >&5
configure:12159: $? = 0
configure:12183: result: -pedantic -std=c99 -D_GNU_SOURCE
configure:12195: : CFLAGS="$CFLAGS $ax_cv_cflags_gcc_option__pedantic__std_c99__D_GNU_SOURCE"
configure:12198: $? = 0
configure:12217: checking for getaddrinfo
configure:12273: gcc -o conftest -g -O2 -fvisibility=hidden -Wall -Wwrite-strings -Wsign-compare -Wcast-align -Wextra -Wformat -Wformat-security -Wno-unused-parameter -fno-strict-aliasing -fdiagnostics-show-option -pedantic -std=c99 -D_GNU_SOURCE   conftest.c  >&5
configure:12280: $? = 0
configure:12300: result: yes
configure:12346: checking for flex
configure:12362: found /usr/bin/flex
configure:12373: result: flex
configure:12388: checking for flex 2.4 or higher
configure:12400: result: yes
configure:12416: checking for bison
configure:12432: found /usr/bin/bison
configure:12443: result: bison
configure:12594: checking linux/if_ether.h usability
configure:12611: gcc -c -g -O2 -fvisibility=hidden -Wall -Wwrite-strings -Wsign-compare -Wcast-align -Wextra -Wformat -Wformat-security -Wno-unused-parameter -fno-strict-aliasing -fdiagnostics-show-option -pedantic -std=c99 -D_GNU_SOURCE  conftest.c >&5
configure:12618: $? = 0
configure:12632: result: yes
configure:12636: checking linux/if_ether.h presence
configure:12651: gcc -E  conftest.c
configure:12658: $? = 0
configure:12672: result: yes
configure:12705: checking for linux/if_ether.h
configure:12714: result: yes
configure:12594: checking linux/if_packet.h usability
configure:12611: gcc -c -g -O2 -fvisibility=hidden -Wall -Wwrite-strings -Wsign-compare -Wcast-align -Wextra -Wformat -Wformat-security -Wno-unused-parameter -fno-strict-aliasing -fdiagnostics-show-option -pedantic -std=c99 -D_GNU_SOURCE  conftest.c >&5
configure:12618: $? = 0
configure:12632: result: yes
configure:12636: checking linux/if_packet.h presence
configure:12651: gcc -E  conftest.c
configure:12658: $? = 0
configure:12672: result: yes
configure:12705: checking for linux/if_packet.h
configure:12714: result: yes
configure:12760: checking pcap.h usability
configure:12777: gcc -c -g -O2 -fvisibility=hidden -Wall -Wwrite-strings -Wsign-compare -Wcast-align -Wextra -Wformat -Wformat-security -Wno-unused-parameter -fno-strict-aliasing -fdiagnostics-show-option -pedantic -std=c99 -D_GNU_SOURCE  conftest.c >&5
configure:12784: $? = 0
configure:12798: result: yes
configure:12802: checking pcap.h presence
configure:12817: gcc -E  conftest.c
configure:12824: $? = 0
configure:12838: result: yes
configure:12871: checking for pcap.h
configure:12878: result: yes
configure:12943: checking dnet.h usability
configure:12960: gcc -c -g -O2 -fvisibility=hidden -Wall -Wwrite-strings -Wsign-compare -Wcast-align -Wextra -Wformat -Wformat-security -Wno-unused-parameter -fno-strict-aliasing -fdiagnostics-show-option -pedantic -std=c99 -D_GNU_SOURCE  conftest.c >&5
configure:12967: $? = 0
configure:12981: result: yes
configure:12985: checking dnet.h presence
configure:13000: gcc -E  conftest.c
configure:13007: $? = 0
configure:13021: result: yes
configure:13054: checking for dnet.h
configure:13063: result: yes
configure:12943: checking netinet/in.h usability
configure:12960: gcc -c -g -O2 -fvisibility=hidden -Wall -Wwrite-strings -Wsign-compare -Wcast-align -Wextra -Wformat -Wformat-security -Wno-unused-parameter -fno-strict-aliasing -fdiagnostics-show-option -pedantic -std=c99 -D_GNU_SOURCE  conftest.c >&5
configure:12967: $? = 0
configure:12981: result: yes
configure:12985: checking netinet/in.h presence
configure:13000: gcc -E  conftest.c
configure:13007: $? = 0
configure:13021: result: yes
configure:13054: checking for netinet/in.h
configure:13063: result: yes
configure:12943: checking libipq.h usability
configure:12960: gcc -c -g -O2 -fvisibility=hidden -Wall -Wwrite-strings -Wsign-compare -Wcast-align -Wextra -Wformat -Wformat-security -Wno-unused-parameter -fno-strict-aliasing -fdiagnostics-show-option -pedantic -std=c99 -D_GNU_SOURCE  conftest.c >&5
conftest.c:61:20: error: libipq.h: No such file or directory
configure:12967: $? = 1
configure: failed program was:
| /* confdefs.h.  */
| #define PACKAGE_NAME "daq"
| #define PACKAGE_TARNAME "daq"
| #define PACKAGE_VERSION "0.5"
| #define PACKAGE_STRING "daq 0.5"
| #define PACKAGE_BUGREPORT "snort-team@sourcefire.com"
| #define PACKAGE "daq"
| #define VERSION "0.5"
| #define STDC_HEADERS 1
| #define HAVE_SYS_TYPES_H 1
| #define HAVE_SYS_STAT_H 1
| #define HAVE_STDLIB_H 1
| #define HAVE_STRING_H 1
| #define HAVE_MEMORY_H 1
| #define HAVE_STRINGS_H 1
| #define HAVE_INTTYPES_H 1
| #define HAVE_STDINT_H 1
| #define HAVE_UNISTD_H 1
| #define HAVE_DLFCN_H 1
| #define LT_OBJDIR ".libs/"
| #define HAVE_VISIBILITY 1
| #define INET6 1
| #define HAVE_LINUX_IF_ETHER_H 1
| #define HAVE_LINUX_IF_PACKET_H 1
| #define HAVE_DNET_H 1
| #define HAVE_NETINET_IN_H 1
| /* end confdefs.h.  */
| #include <stdio.h>
| #ifdef HAVE_SYS_TYPES_H
| # include <sys/types.h>
| #endif
| #ifdef HAVE_SYS_STAT_H
| # include <sys/stat.h>
| #endif
| #ifdef STDC_HEADERS
| # include <stdlib.h>
| # include <stddef.h>
| #else
| # ifdef HAVE_STDLIB_H
| #  include <stdlib.h>
| # endif
| #endif
| #ifdef HAVE_STRING_H
| # if !defined STDC_HEADERS && defined HAVE_MEMORY_H
| #  include <memory.h>
| # endif
| # include <string.h>
| #endif
| #ifdef HAVE_STRINGS_H
| # include <strings.h>
| #endif
| #ifdef HAVE_INTTYPES_H
| # include <inttypes.h>
| #endif
| #ifdef HAVE_STDINT_H
| # include <stdint.h>
| #endif
| #ifdef HAVE_UNISTD_H
| # include <unistd.h>
| #endif
| #include <libipq.h>
configure:12981: result: no
configure:12985: checking libipq.h presence
configure:13000: gcc -E  conftest.c
conftest.c:28:20: error: libipq.h: No such file or directory
configure:13007: $? = 1
configure: failed program was:
| /* confdefs.h.  */
| #define PACKAGE_NAME "daq"
| #define PACKAGE_TARNAME "daq"
| #define PACKAGE_VERSION "0.5"
| #define PACKAGE_STRING "daq 0.5"
| #define PACKAGE_BUGREPORT "snort-team@sourcefire.com"
| #define PACKAGE "daq"
| #define VERSION "0.5"
| #define STDC_HEADERS 1
| #define HAVE_SYS_TYPES_H 1
| #define HAVE_SYS_STAT_H 1
| #define HAVE_STDLIB_H 1
| #define HAVE_STRING_H 1
| #define HAVE_MEMORY_H 1
| #define HAVE_STRINGS_H 1
| #define HAVE_INTTYPES_H 1
| #define HAVE_STDINT_H 1
| #define HAVE_UNISTD_H 1
| #define HAVE_DLFCN_H 1
| #define LT_OBJDIR ".libs/"
| #define HAVE_VISIBILITY 1
| #define INET6 1
| #define HAVE_LINUX_IF_ETHER_H 1
| #define HAVE_LINUX_IF_PACKET_H 1
| #define HAVE_DNET_H 1
| #define HAVE_NETINET_IN_H 1
| /* end confdefs.h.  */
| #include <libipq.h>
configure:13021: result: no
configure:13054: checking for libipq.h
configure:13063: result: no
configure:13080: checking for linux/netfilter.h
configure:13103: gcc -c -g -O2 -fvisibility=hidden -Wall -Wwrite-strings -Wsign-compare -Wcast-align -Wextra -Wformat -Wformat-security -Wno-unused-parameter -fno-strict-aliasing -fdiagnostics-show-option -pedantic -std=c99 -D_GNU_SOURCE  conftest.c >&5
configure:13110: $? = 0
configure:13125: result: yes
configure:13160: checking for dnet.h
configure:13167: result: yes
configure:13160: checking for netinet/in.h
configure:13167: result: yes
configure:13171: checking libnetfilter_queue/libnetfilter_queue.h usability
configure:13188: gcc -c -g -O2 -fvisibility=hidden -Wall -Wwrite-strings -Wsign-compare -Wcast-align -Wextra -Wformat -Wformat-security -Wno-unused-parameter -fno-strict-aliasing -fdiagnostics-show-option -pedantic -std=c99 -D_GNU_SOURCE  conftest.c >&5
conftest.c:63:51: error: libnetfilter_queue/libnetfilter_queue.h: No such file or directory
configure:13195: $? = 1
configure: failed program was:
| /* confdefs.h.  */
| #define PACKAGE_NAME "daq"
| #define PACKAGE_TARNAME "daq"
| #define PACKAGE_VERSION "0.5"
| #define PACKAGE_STRING "daq 0.5"
| #define PACKAGE_BUGREPORT "snort-team@sourcefire.com"
| #define PACKAGE "daq"
| #define VERSION "0.5"
| #define STDC_HEADERS 1
| #define HAVE_SYS_TYPES_H 1
| #define HAVE_SYS_STAT_H 1
| #define HAVE_STDLIB_H 1
| #define HAVE_STRING_H 1
| #define HAVE_MEMORY_H 1
| #define HAVE_STRINGS_H 1
| #define HAVE_INTTYPES_H 1
| #define HAVE_STDINT_H 1
| #define HAVE_UNISTD_H 1
| #define HAVE_DLFCN_H 1
| #define LT_OBJDIR ".libs/"
| #define HAVE_VISIBILITY 1
| #define INET6 1
| #define HAVE_LINUX_IF_ETHER_H 1
| #define HAVE_LINUX_IF_PACKET_H 1
| #define HAVE_DNET_H 1
| #define HAVE_NETINET_IN_H 1
| #define HAVE_DNET_H 1
| #define HAVE_NETINET_IN_H 1
| /* end confdefs.h.  */
| #include <stdio.h>
| #ifdef HAVE_SYS_TYPES_H
| # include <sys/types.h>
| #endif
| #ifdef HAVE_SYS_STAT_H
| # include <sys/stat.h>
| #endif
| #ifdef STDC_HEADERS
| # include <stdlib.h>
| # include <stddef.h>
| #else
| # ifdef HAVE_STDLIB_H
| #  include <stdlib.h>
| # endif
| #endif
| #ifdef HAVE_STRING_H
| # if !defined STDC_HEADERS && defined HAVE_MEMORY_H
| #  include <memory.h>
| # endif
| # include <string.h>
| #endif
| #ifdef HAVE_STRINGS_H
| # include <strings.h>
| #endif
| #ifdef HAVE_INTTYPES_H
| # include <inttypes.h>
| #endif
| #ifdef HAVE_STDINT_H
| # include <stdint.h>
| #endif
| #ifdef HAVE_UNISTD_H
| # include <unistd.h>
| #endif
| #include <libnetfilter_queue/libnetfilter_queue.h>
configure:13209: result: no
configure:13213: checking libnetfilter_queue/libnetfilter_queue.h presence
configure:13228: gcc -E  conftest.c
conftest.c:30:51: error: libnetfilter_queue/libnetfilter_queue.h: No such file or directory
configure:13235: $? = 1
configure: failed program was:
| /* confdefs.h.  */
| #define PACKAGE_NAME "daq"
| #define PACKAGE_TARNAME "daq"
| #define PACKAGE_VERSION "0.5"
| #define PACKAGE_STRING "daq 0.5"
| #define PACKAGE_BUGREPORT "snort-team@sourcefire.com"
| #define PACKAGE "daq"
| #define VERSION "0.5"
| #define STDC_HEADERS 1
| #define HAVE_SYS_TYPES_H 1
| #define HAVE_SYS_STAT_H 1
| #define HAVE_STDLIB_H 1
| #define HAVE_STRING_H 1
| #define HAVE_MEMORY_H 1
| #define HAVE_STRINGS_H 1
| #define HAVE_INTTYPES_H 1
| #define HAVE_STDINT_H 1
| #define HAVE_UNISTD_H 1
| #define HAVE_DLFCN_H 1
| #define LT_OBJDIR ".libs/"
| #define HAVE_VISIBILITY 1
| #define INET6 1
| #define HAVE_LINUX_IF_ETHER_H 1
| #define HAVE_LINUX_IF_PACKET_H 1
| #define HAVE_DNET_H 1
| #define HAVE_NETINET_IN_H 1
| #define HAVE_DNET_H 1
| #define HAVE_NETINET_IN_H 1
| /* end confdefs.h.  */
| #include <libnetfilter_queue/libnetfilter_queue.h>
configure:13249: result: no
configure:13282: checking for libnetfilter_queue/libnetfilter_queue.h
configure:13291: result: no
configure:13308: checking for linux/netfilter.h
configure:13353: result: yes
configure:13382: checking for pcap.h
configure:13387: result: yes
configure:13522: checking for pcap_lib_version
configure:13524: checking for pcap_lib_version in -lpcap
configure:13559: gcc -o conftest -g -O2 -fvisibility=hidden -Wall -Wwrite-strings -Wsign-compare -Wcast-align -Wextra -Wformat -Wformat-security -Wno-unused-parameter -fno-strict-aliasing -fdiagnostics-show-option -pedantic -std=c99 -D_GNU_SOURCE   conftest.c -lpcap   >&5
configure:13566: $? = 0
configure:13587: result: yes
configure:13602: checking for libpcap version >= "1.0.0"
configure:13641: gcc -o conftest -g -O2 -fvisibility=hidden -Wall -Wwrite-strings -Wsign-compare -Wcast-align -Wextra -Wformat -Wformat-security -Wno-unused-parameter -fno-strict-aliasing -fdiagnostics-show-option -pedantic -std=c99 -D_GNU_SOURCE   conftest.c -lpcap  >&5
configure:13645: $? = 0
configure:13651: ./conftest
configure:13655: $? = 0
configure:13680: result: yes
configure:13705: checking for pcap.h
configure:13710: result: yes
configure:13845: checking for pcap_lib_version
configure:13847: checking for pcap_lib_version in -lpcap
configure:13910: result: yes
configure:13925: checking for libpcap version >= "1.0.0"
configure:13964: gcc -o conftest -g -O2 -fvisibility=hidden -Wall -Wwrite-strings -Wsign-compare -Wcast-align -Wextra -Wformat -Wformat-security -Wno-unused-parameter -fno-strict-aliasing -fdiagnostics-show-option -pedantic -std=c99 -D_GNU_SOURCE   conftest.c -lpcap -lpcap  >&5
configure:13968: $? = 0
configure:13974: ./conftest
configure:13978: $? = 0
configure:14003: result: yes
configure:14033: checking for dlopen in -ldl
configure:14068: gcc -o conftest -g -O2 -fvisibility=hidden -Wall -Wwrite-strings -Wsign-compare -Wcast-align -Wextra -Wformat -Wformat-security -Wno-unused-parameter -fno-strict-aliasing -fdiagnostics-show-option -pedantic -std=c99 -D_GNU_SOURCE   conftest.c -ldl  -lpcap -lpcap  >&5
configure:14075: $? = 0
configure:14096: result: yes
configure:14120: checking for inttypes.h
configure:14127: result: yes
configure:14120: checking for memory.h
configure:14127: result: yes
configure:14131: checking netdb.h usability
configure:14148: gcc -c -g -O2 -fvisibility=hidden -Wall -Wwrite-strings -Wsign-compare -Wcast-align -Wextra -Wformat -Wformat-security -Wno-unused-parameter -fno-strict-aliasing -fdiagnostics-show-option -pedantic -std=c99 -D_GNU_SOURCE  conftest.c >&5
configure:14155: $? = 0
configure:14169: result: yes
configure:14173: checking netdb.h presence
configure:14188: gcc -E  conftest.c
configure:14195: $? = 0
configure:14209: result: yes
configure:14242: checking for netdb.h
configure:14251: result: yes
configure:14120: checking for netinet/in.h
configure:14127: result: yes
configure:14120: checking for stdint.h
configure:14127: result: yes
configure:14120: checking for stdlib.h
configure:14127: result: yes
configure:14120: checking for string.h
configure:14127: result: yes
configure:14131: checking sys/ioctl.h usability
configure:14148: gcc -c -g -O2 -fvisibility=hidden -Wall -Wwrite-strings -Wsign-compare -Wcast-align -Wextra -Wformat -Wformat-security -Wno-unused-parameter -fno-strict-aliasing -fdiagnostics-show-option -pedantic -std=c99 -D_GNU_SOURCE  conftest.c >&5
configure:14155: $? = 0
configure:14169: result: yes
configure:14173: checking sys/ioctl.h presence
configure:14188: gcc -E  conftest.c
configure:14195: $? = 0
configure:14209: result: yes
configure:14242: checking for sys/ioctl.h
configure:14251: result: yes
configure:14131: checking sys/param.h usability
configure:14148: gcc -c -g -O2 -fvisibility=hidden -Wall -Wwrite-strings -Wsign-compare -Wcast-align -Wextra -Wformat -Wformat-security -Wno-unused-parameter -fno-strict-aliasing -fdiagnostics-show-option -pedantic -std=c99 -D_GNU_SOURCE  conftest.c >&5
configure:14155: $? = 0
configure:14169: result: yes
configure:14173: checking sys/param.h presence
configure:14188: gcc -E  conftest.c
configure:14195: $? = 0
configure:14209: result: yes
configure:14242: checking for sys/param.h
configure:14251: result: yes
configure:14131: checking sys/socket.h usability
configure:14148: gcc -c -g -O2 -fvisibility=hidden -Wall -Wwrite-strings -Wsign-compare -Wcast-align -Wextra -Wformat -Wformat-security -Wno-unused-parameter -fno-strict-aliasing -fdiagnostics-show-option -pedantic -std=c99 -D_GNU_SOURCE  conftest.c >&5
configure:14155: $? = 0
configure:14169: result: yes
configure:14173: checking sys/socket.h presence
configure:14188: gcc -E  conftest.c
configure:14195: $? = 0
configure:14209: result: yes
configure:14242: checking for sys/socket.h
configure:14251: result: yes
configure:14131: checking sys/time.h usability
configure:14148: gcc -c -g -O2 -fvisibility=hidden -Wall -Wwrite-strings -Wsign-compare -Wcast-align -Wextra -Wformat -Wformat-security -Wno-unused-parameter -fno-strict-aliasing -fdiagnostics-show-option -pedantic -std=c99 -D_GNU_SOURCE  conftest.c >&5
configure:14155: $? = 0
configure:14169: result: yes
configure:14173: checking sys/time.h presence
configure:14188: gcc -E  conftest.c
configure:14195: $? = 0
configure:14209: result: yes
configure:14242: checking for sys/time.h
configure:14251: result: yes
configure:14120: checking for unistd.h
configure:14127: result: yes
configure:14268: checking for inline
configure:14294: gcc -c -g -O2 -fvisibility=hidden -Wall -Wwrite-strings -Wsign-compare -Wcast-align -Wextra -Wformat -Wformat-security -Wno-unused-parameter -fno-strict-aliasing -fdiagnostics-show-option -pedantic -std=c99 -D_GNU_SOURCE  conftest.c >&5
configure:14301: $? = 0
configure:14319: result: inline
configure:14338: checking for size_t
configure:14366: gcc -c -g -O2 -fvisibility=hidden -Wall -Wwrite-strings -Wsign-compare -Wcast-align -Wextra -Wformat -Wformat-security -Wno-unused-parameter -fno-strict-aliasing -fdiagnostics-show-option -pedantic -std=c99 -D_GNU_SOURCE  conftest.c >&5
configure:14373: $? = 0
configure:14400: gcc -c -g -O2 -fvisibility=hidden -Wall -Wwrite-strings -Wsign-compare -Wcast-align -Wextra -Wformat -Wformat-security -Wno-unused-parameter -fno-strict-aliasing -fdiagnostics-show-option -pedantic -std=c99 -D_GNU_SOURCE  conftest.c >&5
conftest.c: In function 'main':
conftest.c:78: error: expected expression before ')' token
configure:14407: $? = 1
configure: failed program was:
| /* confdefs.h.  */
| #define PACKAGE_NAME "daq"
| #define PACKAGE_TARNAME "daq"
| #define PACKAGE_VERSION "0.5"
| #define PACKAGE_STRING "daq 0.5"
| #define PACKAGE_BUGREPORT "snort-team@sourcefire.com"
| #define PACKAGE "daq"
| #define VERSION "0.5"
| #define STDC_HEADERS 1
| #define HAVE_SYS_TYPES_H 1
| #define HAVE_SYS_STAT_H 1
| #define HAVE_STDLIB_H 1
| #define HAVE_STRING_H 1
| #define HAVE_MEMORY_H 1
| #define HAVE_STRINGS_H 1
| #define HAVE_INTTYPES_H 1
| #define HAVE_STDINT_H 1
| #define HAVE_UNISTD_H 1
| #define HAVE_DLFCN_H 1
| #define LT_OBJDIR ".libs/"
| #define HAVE_VISIBILITY 1
| #define INET6 1
| #define HAVE_LINUX_IF_ETHER_H 1
| #define HAVE_LINUX_IF_PACKET_H 1
| #define HAVE_DNET_H 1
| #define HAVE_NETINET_IN_H 1
| #define HAVE_DNET_H 1
| #define HAVE_NETINET_IN_H 1
| #define HAVE_INTTYPES_H 1
| #define HAVE_MEMORY_H 1
| #define HAVE_NETDB_H 1
| #define HAVE_NETINET_IN_H 1
| #define HAVE_STDINT_H 1
| #define HAVE_STDLIB_H 1
| #define HAVE_STRING_H 1
| #define HAVE_SYS_IOCTL_H 1
| #define HAVE_SYS_PARAM_H 1
| #define HAVE_SYS_SOCKET_H 1
| #define HAVE_SYS_TIME_H 1
| #define HAVE_UNISTD_H 1
| /* end confdefs.h.  */
| #include <stdio.h>
| #ifdef HAVE_SYS_TYPES_H
| # include <sys/types.h>
| #endif
| #ifdef HAVE_SYS_STAT_H
| # include <sys/stat.h>
| #endif
| #ifdef STDC_HEADERS
| # include <stdlib.h>
| # include <stddef.h>
| #else
| # ifdef HAVE_STDLIB_H
| #  include <stdlib.h>
| # endif
| #endif
| #ifdef HAVE_STRING_H
| # if !defined STDC_HEADERS && defined HAVE_MEMORY_H
| #  include <memory.h>
| # endif
| # include <string.h>
| #endif
| #ifdef HAVE_STRINGS_H
| # include <strings.h>
| #endif
| #ifdef HAVE_INTTYPES_H
| # include <inttypes.h>
| #endif
| #ifdef HAVE_STDINT_H
| # include <stdint.h>
| #endif
| #ifdef HAVE_UNISTD_H
| # include <unistd.h>
| #endif
| int
| main ()
| {
| if (sizeof ((size_t)))
| 	  return 0;
|   ;
|   return 0;
| }
configure:14430: result: yes
configure:14443: checking for uint16_t
configure:14474: gcc -c -g -O2 -fvisibility=hidden -Wall -Wwrite-strings -Wsign-compare -Wcast-align -Wextra -Wformat -Wformat-security -Wno-unused-parameter -fno-strict-aliasing -fdiagnostics-show-option -pedantic -std=c99 -D_GNU_SOURCE  conftest.c >&5
configure:14481: $? = 0
configure:14502: result: yes
configure:14516: checking for uint32_t
configure:14547: gcc -c -g -O2 -fvisibility=hidden -Wall -Wwrite-strings -Wsign-compare -Wcast-align -Wextra -Wformat -Wformat-security -Wno-unused-parameter -fno-strict-aliasing -fdiagnostics-show-option -pedantic -std=c99 -D_GNU_SOURCE  conftest.c >&5
configure:14554: $? = 0
configure:14575: result: yes
configure:14593: checking for uint64_t
configure:14624: gcc -c -g -O2 -fvisibility=hidden -Wall -Wwrite-strings -Wsign-compare -Wcast-align -Wextra -Wformat -Wformat-security -Wno-unused-parameter -fno-strict-aliasing -fdiagnostics-show-option -pedantic -std=c99 -D_GNU_SOURCE  conftest.c >&5
configure:14631: $? = 0
configure:14652: result: yes
configure:14670: checking for uint8_t
configure:14701: gcc -c -g -O2 -fvisibility=hidden -Wall -Wwrite-strings -Wsign-compare -Wcast-align -Wextra -Wformat -Wformat-security -Wno-unused-parameter -fno-strict-aliasing -fdiagnostics-show-option -pedantic -std=c99 -D_GNU_SOURCE  conftest.c >&5
configure:14708: $? = 0
configure:14729: result: yes
configure:14753: checking for stdlib.h
configure:14760: result: yes
configure:14899: checking for GNU libc compatible malloc
configure:14933: gcc -o conftest -g -O2 -fvisibility=hidden -Wall -Wwrite-strings -Wsign-compare -Wcast-align -Wextra -Wformat -Wformat-security -Wno-unused-parameter -fno-strict-aliasing -fdiagnostics-show-option -pedantic -std=c99 -D_GNU_SOURCE   conftest.c -lpcap -lpcap  >&5
configure:14937: $? = 0
configure:14943: ./conftest
configure:14947: $? = 0
configure:14964: result: yes
configure:14998: checking for stdlib.h
configure:15005: result: yes
configure:14998: checking for unistd.h
configure:15005: result: yes
configure:15148: checking for getpagesize
configure:15204: gcc -o conftest -g -O2 -fvisibility=hidden -Wall -Wwrite-strings -Wsign-compare -Wcast-align -Wextra -Wformat -Wformat-security -Wno-unused-parameter -fno-strict-aliasing -fdiagnostics-show-option -pedantic -std=c99 -D_GNU_SOURCE   conftest.c -lpcap -lpcap  >&5
configure:15211: $? = 0
configure:15233: result: yes
configure:15245: checking for working mmap
configure:15392: gcc -o conftest -g -O2 -fvisibility=hidden -Wall -Wwrite-strings -Wsign-compare -Wcast-align -Wextra -Wformat -Wformat-security -Wno-unused-parameter -fno-strict-aliasing -fdiagnostics-show-option -pedantic -std=c99 -D_GNU_SOURCE   conftest.c -lpcap -lpcap  >&5
configure:15396: $? = 0
configure:15402: ./conftest
configure:15406: $? = 0
configure:15423: result: yes
configure:15449: checking for gethostbyname
configure:15505: gcc -o conftest -g -O2 -fvisibility=hidden -Wall -Wwrite-strings -Wsign-compare -Wcast-align -Wextra -Wformat -Wformat-security -Wno-unused-parameter -fno-strict-aliasing -fdiagnostics-show-option -pedantic -std=c99 -D_GNU_SOURCE   conftest.c -lpcap -lpcap  >&5
configure:15512: $? = 0
configure:15534: result: yes
configure:15449: checking for getpagesize
configure:15534: result: yes
configure:15449: checking for memset
configure:15505: gcc -o conftest -g -O2 -fvisibility=hidden -Wall -Wwrite-strings -Wsign-compare -Wcast-align -Wextra -Wformat -Wformat-security -Wno-unused-parameter -fno-strict-aliasing -fdiagnostics-show-option -pedantic -std=c99 -D_GNU_SOURCE   conftest.c -lpcap -lpcap  >&5
conftest.c:73: warning: conflicting types for built-in function 'memset'
configure:15512: $? = 0
configure:15534: result: yes
configure:15449: checking for munmap
configure:15505: gcc -o conftest -g -O2 -fvisibility=hidden -Wall -Wwrite-strings -Wsign-compare -Wcast-align -Wextra -Wformat -Wformat-security -Wno-unused-parameter -fno-strict-aliasing -fdiagnostics-show-option -pedantic -std=c99 -D_GNU_SOURCE   conftest.c -lpcap -lpcap  >&5
configure:15512: $? = 0
configure:15534: result: yes
configure:15449: checking for socket
configure:15505: gcc -o conftest -g -O2 -fvisibility=hidden -Wall -Wwrite-strings -Wsign-compare -Wcast-align -Wextra -Wformat -Wformat-security -Wno-unused-parameter -fno-strict-aliasing -fdiagnostics-show-option -pedantic -std=c99 -D_GNU_SOURCE   conftest.c -lpcap -lpcap  >&5
configure:15512: $? = 0
configure:15534: result: yes
configure:15449: checking for strchr
configure:15505: gcc -o conftest -g -O2 -fvisibility=hidden -Wall -Wwrite-strings -Wsign-compare -Wcast-align -Wextra -Wformat -Wformat-security -Wno-unused-parameter -fno-strict-aliasing -fdiagnostics-show-option -pedantic -std=c99 -D_GNU_SOURCE   conftest.c -lpcap -lpcap  >&5
conftest.c:76: warning: conflicting types for built-in function 'strchr'
configure:15512: $? = 0
configure:15534: result: yes
configure:15449: checking for strcspn
configure:15505: gcc -o conftest -g -O2 -fvisibility=hidden -Wall -Wwrite-strings -Wsign-compare -Wcast-align -Wextra -Wformat -Wformat-security -Wno-unused-parameter -fno-strict-aliasing -fdiagnostics-show-option -pedantic -std=c99 -D_GNU_SOURCE   conftest.c -lpcap -lpcap  >&5
conftest.c:77: warning: conflicting types for built-in function 'strcspn'
configure:15512: $? = 0
configure:15534: result: yes
configure:15449: checking for strdup
configure:15505: gcc -o conftest -g -O2 -fvisibility=hidden -Wall -Wwrite-strings -Wsign-compare -Wcast-align -Wextra -Wformat -Wformat-security -Wno-unused-parameter -fno-strict-aliasing -fdiagnostics-show-option -pedantic -std=c99 -D_GNU_SOURCE   conftest.c -lpcap -lpcap  >&5
configure:15512: $? = 0
configure:15534: result: yes
configure:15449: checking for strerror
configure:15505: gcc -o conftest -g -O2 -fvisibility=hidden -Wall -Wwrite-strings -Wsign-compare -Wcast-align -Wextra -Wformat -Wformat-security -Wno-unused-parameter -fno-strict-aliasing -fdiagnostics-show-option -pedantic -std=c99 -D_GNU_SOURCE   conftest.c -lpcap -lpcap  >&5
configure:15512: $? = 0
configure:15534: result: yes
configure:15449: checking for strrchr
configure:15505: gcc -o conftest -g -O2 -fvisibility=hidden -Wall -Wwrite-strings -Wsign-compare -Wcast-align -Wextra -Wformat -Wformat-security -Wno-unused-parameter -fno-strict-aliasing -fdiagnostics-show-option -pedantic -std=c99 -D_GNU_SOURCE   conftest.c -lpcap -lpcap  >&5
conftest.c:80: warning: conflicting types for built-in function 'strrchr'
configure:15512: $? = 0
configure:15534: result: yes
configure:15449: checking for strstr
configure:15505: gcc -o conftest -g -O2 -fvisibility=hidden -Wall -Wwrite-strings -Wsign-compare -Wcast-align -Wextra -Wformat -Wformat-security -Wno-unused-parameter -fno-strict-aliasing -fdiagnostics-show-option -pedantic -std=c99 -D_GNU_SOURCE   conftest.c -lpcap -lpcap  >&5
conftest.c:81: warning: conflicting types for built-in function 'strstr'
configure:15512: $? = 0
configure:15534: result: yes
configure:15449: checking for strtoul
configure:15505: gcc -o conftest -g -O2 -fvisibility=hidden -Wall -Wwrite-strings -Wsign-compare -Wcast-align -Wextra -Wformat -Wformat-security -Wno-unused-parameter -fno-strict-aliasing -fdiagnostics-show-option -pedantic -std=c99 -D_GNU_SOURCE   conftest.c -lpcap -lpcap  >&5
configure:15512: $? = 0
configure:15534: result: yes
configure:15735: creating ./config.status

## ---------------------- ##
## Running config.status. ##
## ---------------------- ##

This file was extended by daq config.status 0.5, which was
generated by GNU Autoconf 2.63.  Invocation command line was

  CONFIG_FILES    = 
  CONFIG_HEADERS  = 
  CONFIG_LINKS    = 
  CONFIG_COMMANDS = 
  $ ./config.status 

on ses-endace

config.status:1045: creating Makefile
config.status:1045: creating api/Makefile
config.status:1045: creating os-daq-modules/Makefile
config.status:1045: creating sfbpf/Makefile
config.status:1045: creating config.h
config.status:1319: executing depfiles commands
config.status:1319: executing libtool commands

## ---------------- ##
## Cache variables. ##
## ---------------- ##

ac_cv_build=x86_64-unknown-linux-gnu
ac_cv_c_compiler_gnu=yes
ac_cv_c_inline=inline
ac_cv_c_uint16_t=yes
ac_cv_c_uint32_t=yes
ac_cv_c_uint64_t=yes
ac_cv_c_uint8_t=yes
ac_cv_env_CC_set=
ac_cv_env_CC_value=
ac_cv_env_CFLAGS_set=
ac_cv_env_CFLAGS_value=
ac_cv_env_CPPFLAGS_set=
ac_cv_env_CPPFLAGS_value=
ac_cv_env_CPP_set=
ac_cv_env_CPP_value=
ac_cv_env_LDFLAGS_set=
ac_cv_env_LDFLAGS_value=
ac_cv_env_LIBS_set=
ac_cv_env_LIBS_value=
ac_cv_env_build_alias_set=
ac_cv_env_build_alias_value=
ac_cv_env_host_alias_set=
ac_cv_env_host_alias_value=
ac_cv_env_target_alias_set=
ac_cv_env_target_alias_value=
ac_cv_func_getaddrinfo=yes
ac_cv_func_gethostbyname=yes
ac_cv_func_getpagesize=yes
ac_cv_func_malloc_0_nonnull=yes
ac_cv_func_memset=yes
ac_cv_func_mmap_fixed_mapped=yes
ac_cv_func_munmap=yes
ac_cv_func_socket=yes
ac_cv_func_strchr=yes
ac_cv_func_strcspn=yes
ac_cv_func_strdup=yes
ac_cv_func_strerror=yes
ac_cv_func_strrchr=yes
ac_cv_func_strstr=yes
ac_cv_func_strtoul=yes
ac_cv_header_dlfcn_h=yes
ac_cv_header_dnet_h=yes
ac_cv_header_inttypes_h=yes
ac_cv_header_libipq_h=no
ac_cv_header_libnetfilter_queue_libnetfilter_queue_h=no
ac_cv_header_linux_if_ether_h=yes
ac_cv_header_linux_if_packet_h=yes
ac_cv_header_linux_netfilter_h=yes
ac_cv_header_memory_h=yes
ac_cv_header_netdb_h=yes
ac_cv_header_netinet_in_h=yes
ac_cv_header_pcap_h=yes
ac_cv_header_stdc=yes
ac_cv_header_stdint_h=yes
ac_cv_header_stdlib_h=yes
ac_cv_header_string_h=yes
ac_cv_header_strings_h=yes
ac_cv_header_sys_ioctl_h=yes
ac_cv_header_sys_param_h=yes
ac_cv_header_sys_socket_h=yes
ac_cv_header_sys_stat_h=yes
ac_cv_header_sys_time_h=yes
ac_cv_header_sys_types_h=yes
ac_cv_header_unistd_h=yes
ac_cv_host=x86_64-unknown-linux-gnu
ac_cv_lbl_flex_v24=yes
ac_cv_lib_dl_dlopen=yes
ac_cv_lib_pcap_pcap_lib_version=yes
ac_cv_objext=o
ac_cv_path_EGREP='/bin/grep -E'
ac_cv_path_FGREP='/bin/grep -F'
ac_cv_path_GREP=/bin/grep
ac_cv_path_SED=/bin/sed
ac_cv_path_install='/usr/bin/install -c'
ac_cv_path_mkdir=/bin/mkdir
ac_cv_prog_AWK=gawk
ac_cv_prog_CPP='gcc -E'
ac_cv_prog_V_LEX=flex
ac_cv_prog_V_YACC=bison
ac_cv_prog_ac_ct_AR=ar
ac_cv_prog_ac_ct_CC=gcc
ac_cv_prog_ac_ct_OBJDUMP=objdump
ac_cv_prog_ac_ct_RANLIB=ranlib
ac_cv_prog_ac_ct_STRIP=strip
ac_cv_prog_cc_c89=
ac_cv_prog_cc_g=yes
ac_cv_prog_make_make_set=yes
ac_cv_type_size_t=yes
am_cv_CC_dependencies_compiler_type=gcc3
ax_cv_cflags_gcc_option__Wall=-Wall
ax_cv_cflags_gcc_option__Wcast_align=-Wcast-align
ax_cv_cflags_gcc_option__Wextra=-Wextra
ax_cv_cflags_gcc_option__Wformat=-Wformat
ax_cv_cflags_gcc_option__Wformat_security=-Wformat-security
ax_cv_cflags_gcc_option__Wno_unused_parameter=-Wno-unused-parameter
ax_cv_cflags_gcc_option__Wsign_compare=-Wsign-compare
ax_cv_cflags_gcc_option__Wwrite_strings=-Wwrite-strings
ax_cv_cflags_gcc_option__fdiagnostics_show_option=-fdiagnostics-show-option
ax_cv_cflags_gcc_option__fno_strict_aliasing=-fno-strict-aliasing
ax_cv_cflags_gcc_option__pedantic__std_c99__D_GNU_SOURCE='-pedantic -std=c99 -D_GNU_SOURCE'
gl_cv_cc_visibility=yes
lt_cv_deplibs_check_method=pass_all
lt_cv_file_magic_cmd='$MAGIC_CMD'
lt_cv_file_magic_test_file=
lt_cv_ld_reload_flag=-r
lt_cv_nm_interface='BSD nm'
lt_cv_objdir=.libs
lt_cv_path_LD=/usr/bin/ld
lt_cv_path_NM='/usr/bin/nm -B'
lt_cv_prog_compiler_c_o=yes
lt_cv_prog_compiler_pic_works=yes
lt_cv_prog_compiler_rtti_exceptions=no
lt_cv_prog_compiler_static_works=yes
lt_cv_prog_gnu_ld=yes
lt_cv_sys_global_symbol_pipe='sed -n -e '\''s/^.*[	 ]\([ABCDGIRSTW][ABCDGIRSTW]*\)[	 ][	 ]*\([_A-Za-z][_A-Za-z0-9]*\)$/\1 \2 \2/p'\'''
lt_cv_sys_global_symbol_to_c_name_address='sed -n -e '\''s/^: \([^ ]*\) $/  {\"\1\", (void *) 0},/p'\'' -e '\''s/^[ABCDGIRSTW]* \([^ ]*\) \([^ ]*\)$/  {"\2", (void *) \&\2},/p'\'''
lt_cv_sys_global_symbol_to_c_name_address_lib_prefix='sed -n -e '\''s/^: \([^ ]*\) $/  {\"\1\", (void *) 0},/p'\'' -e '\''s/^[ABCDGIRSTW]* \([^ ]*\) \(lib[^ ]*\)$/  {"\2", (void *) \&\2},/p'\'' -e '\''s/^[ABCDGIRSTW]* \([^ ]*\) \([^ ]*\)$/  {"lib\2", (void *) \&\2},/p'\'''
lt_cv_sys_global_symbol_to_cdecl='sed -n -e '\''s/^T .* \(.*\)$/extern int \1();/p'\'' -e '\''s/^[ABCDGIRSTW]* .* \(.*\)$/extern char \1;/p'\'''
lt_cv_sys_max_cmd_len=98304

## ----------------- ##
## Output variables. ##
## ----------------- ##

ACLOCAL='${SHELL} /home/jcmurphy/src/daq-0.5/missing --run aclocal-1.11'
AMDEPBACKSLASH='\'
AMDEP_FALSE='#'
AMDEP_TRUE=''
AMTAR='${SHELL} /home/jcmurphy/src/daq-0.5/missing --run tar'
AR='ar'
AUTOCONF='${SHELL} /home/jcmurphy/src/daq-0.5/missing --run autoconf'
AUTOHEADER='${SHELL} /home/jcmurphy/src/daq-0.5/missing --run autoheader'
AUTOMAKE='${SHELL} /home/jcmurphy/src/daq-0.5/missing --run automake-1.11'
AWK='gawk'
BUILD_AFPACKET_MODULE_FALSE='#'
BUILD_AFPACKET_MODULE_TRUE=''
BUILD_DUMP_MODULE_FALSE='#'
BUILD_DUMP_MODULE_TRUE=''
BUILD_IPFW_MODULE_FALSE='#'
BUILD_IPFW_MODULE_TRUE=''
BUILD_IPQ_MODULE_FALSE=''
BUILD_IPQ_MODULE_TRUE='#'
BUILD_MODULES_FALSE='#'
BUILD_MODULES_TRUE=''
BUILD_NFQ_MODULE_FALSE=''
BUILD_NFQ_MODULE_TRUE='#'
BUILD_PCAPRR_MODULE_FALSE='#'
BUILD_PCAPRR_MODULE_TRUE=''
BUILD_PCAP_MODULE_FALSE='#'
BUILD_PCAP_MODULE_TRUE=''
CC='gcc'
CCDEPMODE='depmode=gcc3'
CFLAGS='-g -O2 -fvisibility=hidden -Wall -Wwrite-strings -Wsign-compare -Wcast-align -Wextra -Wformat -Wformat-security -Wno-unused-parameter -fno-strict-aliasing -fdiagnostics-show-option -pedantic -std=c99 -D_GNU_SOURCE'
CPP='gcc -E'
CPPFLAGS=''
CYGPATH_W='echo'
DEFS='-DHAVE_CONFIG_H'
DEPDIR='.deps'
DSYMUTIL=''
DUMPBIN=''
ECHO_C=''
ECHO_N='-n'
ECHO_T=''
EGREP='/bin/grep -E'
EXEEXT=''
FGREP='/bin/grep -F'
GREP='/bin/grep'
INSTALL_DATA='${INSTALL} -m 644'
INSTALL_PROGRAM='${INSTALL}'
INSTALL_SCRIPT='${INSTALL}'
INSTALL_STRIP_PROGRAM='$(install_sh) -c -s'
LD='/usr/bin/ld -m elf_x86_64'
LDFLAGS=''
LIBDL='-ldl'
LIBOBJS=''
LIBS='-lpcap -lpcap '
LIBTOOL='$(SHELL) $(top_builddir)/libtool'
LIPO=''
LN_S='ln -s'
LTLIBOBJS=''
MAKEINFO='${SHELL} /home/jcmurphy/src/daq-0.5/missing --run makeinfo'
MKDIR_P='/bin/mkdir -p'
NM='/usr/bin/nm -B'
NMEDIT=''
OBJDUMP='objdump'
OBJEXT='o'
OTOOL64=''
OTOOL=''
PACKAGE='daq'
PACKAGE_BUGREPORT='snort-team@sourcefire.com'
PACKAGE_NAME='daq'
PACKAGE_STRING='daq 0.5'
PACKAGE_TARNAME='daq'
PACKAGE_VERSION='0.5'
PATH_SEPARATOR=':'
RANLIB='ranlib'
SED='/bin/sed'
SET_MAKE=''
SHELL='/bin/sh'
STRIP='strip'
VERSION='0.5'
V_LEX='flex -Psfbpf_'
V_YACC='bison -y -p sfbpf_'
XCCFLAGS=''
ac_ct_CC='gcc'
ac_ct_DUMPBIN=''
am__EXEEXT_FALSE=''
am__EXEEXT_TRUE='#'
am__fastdepCC_FALSE='#'
am__fastdepCC_TRUE=''
am__include='include'
am__isrc=''
am__leading_dot='.'
am__quote=''
am__tar='${AMTAR} chof - "$$tardir"'
am__untar='${AMTAR} xf -'
bindir='${exec_prefix}/bin'
build='x86_64-unknown-linux-gnu'
build_alias=''
build_cpu='x86_64'
build_os='linux-gnu'
build_vendor='unknown'
datadir='${datarootdir}'
datarootdir='${prefix}/share'
docdir='${datarootdir}/doc/${PACKAGE_TARNAME}'
dvidir='${docdir}'
exec_prefix='${prefix}'
host='x86_64-unknown-linux-gnu'
host_alias=''
host_cpu='x86_64'
host_os='linux-gnu'
host_vendor='unknown'
htmldir='${docdir}'
includedir='${prefix}/include'
infodir='${datarootdir}/info'
install_sh='${SHELL} /home/jcmurphy/src/daq-0.5/install-sh'
libdir='${exec_prefix}/lib'
libexecdir='${exec_prefix}/libexec'
localedir='${datarootdir}/locale'
localstatedir='${prefix}/var'
lt_ECHO='echo'
mandir='${datarootdir}/man'
mkdir_p='/bin/mkdir -p'
oldincludedir='/usr/include'
pdfdir='${docdir}'
prefix='/usr/local'
program_transform_name='s,x,x,'
psdir='${docdir}'
sbindir='${exec_prefix}/sbin'
sharedstatedir='${prefix}/com'
sysconfdir='${prefix}/etc'
target_alias=''

## ----------- ##
## confdefs.h. ##
## ----------- ##

#define PACKAGE_NAME "daq"
#define PACKAGE_TARNAME "daq"
#define PACKAGE_VERSION "0.5"
#define PACKAGE_STRING "daq 0.5"
#define PACKAGE_BUGREPORT "snort-team@sourcefire.com"
#define PACKAGE "daq"
#define VERSION "0.5"
#define STDC_HEADERS 1
#define HAVE_SYS_TYPES_H 1
#define HAVE_SYS_STAT_H 1
#define HAVE_STDLIB_H 1
#define HAVE_STRING_H 1
#define HAVE_MEMORY_H 1
#define HAVE_STRINGS_H 1
#define HAVE_INTTYPES_H 1
#define HAVE_STDINT_H 1
#define HAVE_UNISTD_H 1
#define HAVE_DLFCN_H 1
#define LT_OBJDIR ".libs/"
#define HAVE_VISIBILITY 1
#define INET6 1
#define HAVE_LINUX_IF_ETHER_H 1
#define HAVE_LINUX_IF_PACKET_H 1
#define HAVE_DNET_H 1
#define HAVE_NETINET_IN_H 1
#define HAVE_DNET_H 1
#define HAVE_NETINET_IN_H 1
#define HAVE_INTTYPES_H 1
#define HAVE_MEMORY_H 1
#define HAVE_NETDB_H 1
#define HAVE_NETINET_IN_H 1
#define HAVE_STDINT_H 1
#define HAVE_STDLIB_H 1
#define HAVE_STRING_H 1
#define HAVE_SYS_IOCTL_H 1
#define HAVE_SYS_PARAM_H 1
#define HAVE_SYS_SOCKET_H 1
#define HAVE_SYS_TIME_H 1
#define HAVE_UNISTD_H 1
#define HAVE_STDLIB_H 1
#define HAVE_MALLOC 1
#define HAVE_STDLIB_H 1
#define HAVE_UNISTD_H 1
#define HAVE_GETPAGESIZE 1
#define HAVE_MMAP 1
#define HAVE_GETHOSTBYNAME 1
#define HAVE_GETPAGESIZE 1
#define HAVE_MEMSET 1
#define HAVE_MUNMAP 1
#define HAVE_SOCKET 1
#define HAVE_STRCHR 1
#define HAVE_STRCSPN 1
#define HAVE_STRDUP 1
#define HAVE_STRERROR 1
#define HAVE_STRRCHR 1
#define HAVE_STRSTR 1
#define HAVE_STRTOUL 1

configure: exit 0
